#
# A fatal error has been detected by the Java Runtime Environment:
#
#  SIGSEGV (0xb) at pc=0x000000010b547339, pid=21085, tid=30211
#
# JRE version: OpenJDK Runtime Environment AdoptOpenJDK-16.0.1+9 (16.0.1+9) (build 16.0.1+9)
# Java VM: OpenJDK 64-Bit Server VM AdoptOpenJDK-16.0.1+9 (16.0.1+9, mixed mode, sharing, tiered, compressed oops, compressed class ptrs, g1 gc, bsd-amd64)
# Problematic frame:
# C  [libjimage.dylib+0x3339]  ImageFileReader::find_location_index(char const*, unsigned long long*) const+0x89
#
# No core dump will be written. Core dumps have been disabled. To enable core dumping, try "ulimit -c unlimited" before starting Java again
#
# If you would like to submit a bug report, please visit:
#   https://github.com/AdoptOpenJDK/openjdk-support/issues
#

---------------  S U M M A R Y ------------

Command Line: -XX:+ShowCodeDetailsInExceptionMessages -agentlib:jdwp=transport=dt_socket,suspend=y,address=localhost:49772 -ea -javaagent:/Users/Ibo/eclipse/java-2023-09/Eclipse.app/Contents/Eclipse/configuration/org.eclipse.osgi/712/0/.cp/lib/javaagent-shaded.jar -Dfile.encoding=UTF-8 -Dstdout.encoding=UTF-8 -Dstderr.encoding=UTF-8 org.eclipse.jdt.internal.junit.runner.RemoteTestRunner -version 3 -port 49771 -testLoaderClass org.eclipse.jdt.internal.junit4.runner.JUnit4TestLoader -loaderpluginname org.eclipse.jdt.junit4.runtime -classNames MemManagerTest

Host: MacBookAir10,1 x86_64 2400 MHz, 8 cores, 8G, Darwin 23.4.0, macOS 10.16 (23E224)
Time: Mon Apr 22 22:33:09 2024 EDT elapsed time: 195.868533 seconds (0d 0h 3m 15s)

---------------  T H R E A D  ---------------

Current thread (0x00007fea0c0b2800):  JavaThread "Signal Dispatcher" daemon [_thread_in_vm, id=30211, stack(0x000000030ad17000,0x000000030ae17000)]

Stack: [0x000000030ad17000,0x000000030ae17000],  sp=0x000000030ae153c0,  free space=1016k
Native frames: (J=compiled Java code, A=aot compiled Java code, j=interpreted, Vv=VM code, C=native code)
C  [libjimage.dylib+0x3339]  ImageFileReader::find_location_index(char const*, unsigned long long*) const+0x89
C  [libjimage.dylib+0x37b0]  JIMAGE_FindResource+0xd0
V  [libjvm.dylib+0x2f0e0a]  ClassPathImageEntry::open_stream_for_loader(char const*, ClassLoaderData*, Thread*)+0x7a
V  [libjvm.dylib+0x2f4c14]  ClassLoader::load_class(Symbol*, bool, Thread*)+0x144
V  [libjvm.dylib+0xa55434]  SystemDictionary::load_instance_class(Symbol*, Handle, Thread*)+0x3a4
V