#
# A fatal error has been detected by the Java Runtime Environment:
#
#  SIGSEGV (0xb) at pc=0x000000010b547339, pid=74552, tid=24323
#
# JRE version: OpenJDK Runtime Environment AdoptOpenJDK-16.0.1+9 (16.0.1+9) (build 16.0.1+9)
# Java VM: OpenJDK 64-Bit Server VM AdoptOpenJDK-16.0.1+9 (16.0.1+9, mixed mode, sharing, tiered, compressed oops, compressed class ptrs, g1 gc, bsd-amd64)
# Problematic frame:
# C  [libjimage.dylib+0x3339]  ImageFileReader::find_location_index(char const*, unsigned long long*) const+0x89
#
# No core dump will be written. Core dumps have been disabled. To enable core dumping, try "ulimit -c unlimited" before starting Java again
#
# If you would like to submit a bug report, please visit:
#   https://github.com/AdoptOpenJDK/openjdk-support/issues
#

---------------  S U M M A R Y ------------

Command Line: -XX:+ShowCodeDetailsInExceptionMessages -agentlib:jdwp=transport=dt_socket,suspend=y,address=localhost:54739 -ea -javaagent:/Users/Ibo/eclipse/java-2023-09/Eclipse.app/Contents/Eclipse/configuration/org.eclipse.osgi/712/0/.cp/lib/javaagent-shaded.jar -Dfile.encoding=UTF-8 -Dstdout.encoding=UTF-8 -Dstderr.encoding=UTF-8 org.eclipse.jdt.internal.junit.runner.RemoteTestRunner -version 3 -port 54738 -testLoaderClass org.eclipse.jdt.internal.junit.runner.junit3.JUnit3TestLoader -loaderpluginname org.eclipse.jdt.junit.runtime -classNames SemManagerTest

Host: MacBookAir10,1 x86_64 2400 MHz, 8 cores, 8G, Darwin 23.4.0, macOS 10.16 (23E224)
Time: Mon Apr 29 17:38:14 2024 EDT elapsed time: 21.341500 seconds (0d 0h 0m 21s)

---------------  T H R E A D  ---------------

Current thread (0x00007fb5218c7400):  JavaThread "Signal Dispatcher" daemon [_thread_in_vm, id=24323, stack(0x000000030aeeb000,0x000000030afeb000)]

Stack: [0x000000030aeeb000,0x000000030afeb000],  sp=0x000000030afe93c0,  free space=1016k
Native frames: (J=compiled Java code, A=aot compiled Java code, j=interpreted, Vv=VM code, C=native code)
C  [libjimage.dylib+0x3339]  ImageFileReader::find_location_index(char const*, unsigned long long*) const+0x89
C  [libjimage.dylib+0x37b0]  JIMAGE_FindResource+0xd0
